{"/Users/michaelherman/repos/github/query-string-json/index.js":{"path":"/Users/michaelherman/repos/github/query-string-json/index.js","s":{"1":1,"2":1,"3":1,"4":0,"5":0,"6":0,"7":0,"8":0,"9":0,"10":0,"11":0,"12":1,"13":14,"14":2,"15":12,"16":3,"17":9,"18":9,"19":1,"20":8,"21":13,"22":13,"23":8,"24":5,"25":5,"26":1,"27":4,"28":1,"29":1,"30":12,"31":5,"32":7,"33":12,"34":1,"35":3,"36":0,"37":3,"38":2,"39":2,"40":3,"41":1,"42":2,"43":2,"44":1,"45":2,"46":1,"47":2,"48":2,"49":0,"50":2,"51":1},"b":{"1":[0,0],"2":[2,12],"3":[3,9],"4":[1,8],"5":[9,9],"6":[8,5],"7":[1,4],"8":[5,7],"9":[0,3],"10":[2,0],"11":[1,1],"12":[0,2]},"f":{"1":1,"2":0,"3":14,"4":12,"5":3,"6":2,"7":2},"fnMap":{"1":{"name":"(anonymous_1)","line":1,"loc":{"start":{"line":1,"column":1},"end":{"line":1,"column":12}}},"2":{"name":"convert","line":7,"loc":{"start":{"line":7,"column":2},"end":{"line":7,"column":40}}},"3":{"name":"parse","line":21,"loc":{"start":{"line":21,"column":2},"end":{"line":21,"column":22}}},"4":{"name":"updateObject","line":43,"loc":{"start":{"line":43,"column":2},"end":{"line":43,"column":35}}},"5":{"name":"combine","line":49,"loc":{"start":{"line":49,"column":2},"end":{"line":49,"column":29}}},"6":{"name":"read","line":59,"loc":{"start":{"line":59,"column":2},"end":{"line":59,"column":32}}},"7":{"name":"write","line":66,"loc":{"start":{"line":66,"column":2},"end":{"line":66,"column":39}}}},"statementMap":{"1":{"start":{"line":1,"column":0},"end":{"line":81,"column":5}},"2":{"start":{"line":5,"column":2},"end":{"line":5,"column":27}},"3":{"start":{"line":7,"column":2},"end":{"line":17,"column":3}},"4":{"start":{"line":8,"column":4},"end":{"line":8,"column":20}},"5":{"start":{"line":9,"column":4},"end":{"line":12,"column":7}},"6":{"start":{"line":10,"column":6},"end":{"line":10,"column":29}},"7":{"start":{"line":11,"column":6},"end":{"line":11,"column":32}},"8":{"start":{"line":13,"column":4},"end":{"line":16,"column":7}},"9":{"start":{"line":14,"column":6},"end":{"line":14,"column":33}},"10":{"start":{"line":14,"column":17},"end":{"line":14,"column":33}},"11":{"start":{"line":15,"column":6},"end":{"line":15,"column":27}},"12":{"start":{"line":21,"column":2},"end":{"line":41,"column":3}},"13":{"start":{"line":22,"column":4},"end":{"line":22,"column":46}},"14":{"start":{"line":22,"column":33},"end":{"line":22,"column":46}},"15":{"start":{"line":23,"column":4},"end":{"line":23,"column":46}},"16":{"start":{"line":23,"column":33},"end":{"line":23,"column":46}},"17":{"start":{"line":24,"column":4},"end":{"line":24,"column":62}},"18":{"start":{"line":25,"column":4},"end":{"line":25,"column":60}},"19":{"start":{"line":25,"column":47},"end":{"line":25,"column":60}},"20":{"start":{"line":26,"column":4},"end":{"line":40,"column":11}},"21":{"start":{"line":27,"column":6},"end":{"line":27,"column":41}},"22":{"start":{"line":28,"column":6},"end":{"line":39,"column":7}},"23":{"start":{"line":29,"column":8},"end":{"line":29,"column":42}},"24":{"start":{"line":31,"column":8},"end":{"line":37,"column":9}},"25":{"start":{"line":32,"column":10},"end":{"line":36,"column":11}},"26":{"start":{"line":33,"column":12},"end":{"line":33,"column":62}},"27":{"start":{"line":35,"column":12},"end":{"line":35,"column":46}},"28":{"start":{"line":38,"column":8},"end":{"line":38,"column":22}},"29":{"start":{"line":43,"column":2},"end":{"line":47,"column":3}},"30":{"start":{"line":44,"column":4},"end":{"line":45,"column":34}},"31":{"start":{"line":44,"column":27},"end":{"line":44,"column":47}},"32":{"start":{"line":45,"column":9},"end":{"line":45,"column":34}},"33":{"start":{"line":46,"column":4},"end":{"line":46,"column":15}},"34":{"start":{"line":49,"column":2},"end":{"line":57,"column":3}},"35":{"start":{"line":50,"column":4},"end":{"line":50,"column":27}},"36":{"start":{"line":50,"column":14},"end":{"line":50,"column":27}},"37":{"start":{"line":51,"column":4},"end":{"line":55,"column":5}},"38":{"start":{"line":52,"column":6},"end":{"line":54,"column":7}},"39":{"start":{"line":53,"column":8},"end":{"line":53,"column":48}},"40":{"start":{"line":56,"column":4},"end":{"line":56,"column":15}},"41":{"start":{"line":59,"column":2},"end":{"line":64,"column":3}},"42":{"start":{"line":60,"column":4},"end":{"line":63,"column":7}},"43":{"start":{"line":61,"column":6},"end":{"line":61,"column":29}},"44":{"start":{"line":61,"column":15},"end":{"line":61,"column":29}},"45":{"start":{"line":62,"column":6},"end":{"line":62,"column":27}},"46":{"start":{"line":66,"column":2},"end":{"line":71,"column":3}},"47":{"start":{"line":67,"column":4},"end":{"line":70,"column":7}},"48":{"start":{"line":68,"column":6},"end":{"line":68,"column":28}},"49":{"start":{"line":68,"column":14},"end":{"line":68,"column":28}},"50":{"start":{"line":69,"column":6},"end":{"line":69,"column":27}},"51":{"start":{"line":73,"column":2},"end":{"line":79,"column":4}}},"branchMap":{"1":{"line":14,"type":"if","locations":[{"start":{"line":14,"column":6},"end":{"line":14,"column":6}},{"start":{"line":14,"column":6},"end":{"line":14,"column":6}}]},"2":{"line":22,"type":"if","locations":[{"start":{"line":22,"column":4},"end":{"line":22,"column":4}},{"start":{"line":22,"column":4},"end":{"line":22,"column":4}}]},"3":{"line":23,"type":"if","locations":[{"start":{"line":23,"column":4},"end":{"line":23,"column":4}},{"start":{"line":23,"column":4},"end":{"line":23,"column":4}}]},"4":{"line":25,"type":"if","locations":[{"start":{"line":25,"column":4},"end":{"line":25,"column":4}},{"start":{"line":25,"column":4},"end":{"line":25,"column":4}}]},"5":{"line":25,"type":"binary-expr","locations":[{"start":{"line":25,"column":8},"end":{"line":25,"column":25}},{"start":{"line":25,"column":29},"end":{"line":25,"column":45}}]},"6":{"line":28,"type":"if","locations":[{"start":{"line":28,"column":6},"end":{"line":28,"column":6}},{"start":{"line":28,"column":6},"end":{"line":28,"column":6}}]},"7":{"line":32,"type":"if","locations":[{"start":{"line":32,"column":10},"end":{"line":32,"column":10}},{"start":{"line":32,"column":10},"end":{"line":32,"column":10}}]},"8":{"line":44,"type":"if","locations":[{"start":{"line":44,"column":4},"end":{"line":44,"column":4}},{"start":{"line":44,"column":4},"end":{"line":44,"column":4}}]},"9":{"line":50,"type":"if","locations":[{"start":{"line":50,"column":4},"end":{"line":50,"column":4}},{"start":{"line":50,"column":4},"end":{"line":50,"column":4}}]},"10":{"line":52,"type":"if","locations":[{"start":{"line":52,"column":6},"end":{"line":52,"column":6}},{"start":{"line":52,"column":6},"end":{"line":52,"column":6}}]},"11":{"line":61,"type":"if","locations":[{"start":{"line":61,"column":6},"end":{"line":61,"column":6}},{"start":{"line":61,"column":6},"end":{"line":61,"column":6}}]},"12":{"line":68,"type":"if","locations":[{"start":{"line":68,"column":6},"end":{"line":68,"column":6}},{"start":{"line":68,"column":6},"end":{"line":68,"column":6}}]}}}}