TN:
SF:/Users/michaelherman/repos/github/query-string-json/index.js
FN:1,(anonymous_1)
FN:7,convert
FN:21,parse
FN:43,updateObject
FN:49,combine
FN:59,read
FN:66,write
FNF:7
FNH:6
FNDA:1,(anonymous_1)
FNDA:0,convert
FNDA:14,parse
FNDA:12,updateObject
FNDA:3,combine
FNDA:2,read
FNDA:2,write
DA:1,1
DA:5,1
DA:7,1
DA:8,0
DA:9,0
DA:10,0
DA:11,0
DA:13,0
DA:14,0
DA:15,0
DA:21,1
DA:22,14
DA:23,12
DA:24,9
DA:25,9
DA:26,8
DA:27,13
DA:28,13
DA:29,8
DA:31,5
DA:32,5
DA:33,1
DA:35,4
DA:38,1
DA:43,1
DA:44,12
DA:45,7
DA:46,12
DA:49,1
DA:50,3
DA:51,3
DA:52,2
DA:53,2
DA:56,3
DA:59,1
DA:60,2
DA:61,2
DA:62,2
DA:66,1
DA:67,2
DA:68,2
DA:69,2
DA:73,1
LF:43
LH:36
BRDA:14,1,0,0
BRDA:14,1,1,0
BRDA:22,2,0,2
BRDA:22,2,1,12
BRDA:23,3,0,3
BRDA:23,3,1,9
BRDA:25,4,0,1
BRDA:25,4,1,8
BRDA:25,5,0,9
BRDA:25,5,1,9
BRDA:28,6,0,8
BRDA:28,6,1,5
BRDA:32,7,0,1
BRDA:32,7,1,4
BRDA:44,8,0,5
BRDA:44,8,1,7
BRDA:50,9,0,0
BRDA:50,9,1,3
BRDA:52,10,0,2
BRDA:52,10,1,0
BRDA:61,11,0,1
BRDA:61,11,1,1
BRDA:68,12,0,0
BRDA:68,12,1,2
BRF:24
BRH:19
end_of_record
